<?xml version="1.0" encoding="UTF-8"?>
<!-- Generated by org.testng.reporters.JUnitReportReporter -->
<testsuite hostname="Yamunas-MacBook-Pro.local" failures="0" tests="2" name="com.qa.test.GetAPITest" time="0.687" errors="0" timestamp="2020-05-11T14:12:44 PDT" skipped="0">
  <testcase classname="com.qa.test.GetAPITest" name="getAPITest" time="0.530"/>
  <testcase classname="com.qa.test.GetAPITest" name="getAPITestWithHeaders" time="0.157"/>
</testsuite> <!-- com.qa.test.GetAPITest -->
