<?xml version="1.0" encoding="UTF-8"?>
<!-- Generated by org.testng.reporters.JUnitReportReporter -->
<testsuite hostname="Yamunas-MacBook-Pro.local" failures="0" tests="1" name="com.qa.test.DeleteAPITest" time="0.508" errors="0" timestamp="2020-05-11T14:12:44 PDT" skipped="0">
  <testcase classname="com.qa.test.DeleteAPITest" name="deleteAPITest" time="0.508"/>
</testsuite> <!-- com.qa.test.DeleteAPITest -->
