<?xml version="1.0" encoding="UTF-8"?>
<!-- Generated by org.testng.reporters.JUnitReportReporter -->
<testsuite hostname="Yamunas-MacBook-Pro.local" failures="0" tests="1" name="com.qa.test.PutAPITest" time="2.538" errors="0" timestamp="2020-05-11T14:12:44 PDT" skipped="0">
  <testcase classname="com.qa.test.PutAPITest" name="putAPITest" time="2.538"/>
</testsuite> <!-- com.qa.test.PutAPITest -->
